[0m02:46:32.700149 [debug] [MainThread]: Sending event: {'category': 'dbt', 'action': 'invocation', 'label': 'start', 'context': [<snowplow_tracker.self_describing_json.SelfDescribingJson object at 0x00000260EBB385C0>, <snowplow_tracker.self_describing_json.SelfDescribingJson object at 0x00000260EBB38710>, <snowplow_tracker.self_describing_json.SelfDescribingJson object at 0x00000260EBB383B0>]}


============================== 02:46:32.706360 | e5869dc1-7b64-4a39-8d7a-caf725e73b6d ==============================
[0m02:46:32.706360 [info ] [MainThread]: Running with dbt=1.7.7
[0m02:46:32.707346 [debug] [MainThread]: running dbt with arguments {'printer_width': '80', 'indirect_selection': 'eager', 'write_json': 'True', 'log_cache_events': 'False', 'partial_parse': 'True', 'cache_selected_only': 'False', 'profiles_dir': 'C:\\Users\\HP PAVILLION\\.dbt', 'version_check': 'True', 'warn_error': 'None', 'log_path': 'logs', 'fail_fast': 'False', 'debug': 'False', 'use_colors': 'True', 'use_experimental_parser': 'False', 'no_print': 'None', 'quiet': 'False', 'warn_error_options': 'WarnErrorOptions(include=[], exclude=[])', 'introspect': 'True', 'log_format': 'default', 'invocation_command': 'dbt init dbt_transformation', 'target_path': 'None', 'static_parser': 'True', 'send_anonymous_usage_stats': 'True'}
[0m02:46:32.709339 [debug] [MainThread]: Starter project path: C:\Users\HP PAVILLION\AppData\Local\Programs\Python\Python312\Lib\site-packages\dbt\include\starter_project
[0m02:46:32.721508 [info ] [MainThread]: 
Your new dbt project "dbt_transformation" was created!

For more information on how to configure the profiles.yml file,
please consult the dbt documentation here:

  https://docs.getdbt.com/docs/configure-your-profile

One more thing:

Need help? Don't hesitate to reach out to us via GitHub issues or on Slack:

  https://community.getdbt.com/

Happy modeling!

[0m02:46:32.724036 [info ] [MainThread]: Setting up your profile.
[0m02:48:05.234061 [info ] [MainThread]: Profile dbt_transformation written to C:\Users\HP PAVILLION\.dbt\profiles.yml using target's profile_template.yml and your supplied values. Run 'dbt debug' to validate the connection.
[0m02:48:05.236245 [debug] [MainThread]: Command `dbt init` succeeded at 02:48:05.236245 after 92.59 seconds
[0m02:48:05.237517 [debug] [MainThread]: Sending event: {'category': 'dbt', 'action': 'invocation', 'label': 'end', 'context': [<snowplow_tracker.self_describing_json.SelfDescribingJson object at 0x00000260EBD478F0>, <snowplow_tracker.self_describing_json.SelfDescribingJson object at 0x00000260EB2C9E50>, <snowplow_tracker.self_describing_json.SelfDescribingJson object at 0x00000260EBA31730>]}
[0m02:48:05.238358 [debug] [MainThread]: Flushing usage events
[0m02:48:47.205628 [debug] [MainThread]: Sending event: {'category': 'dbt', 'action': 'invocation', 'label': 'start', 'context': [<snowplow_tracker.self_describing_json.SelfDescribingJson object at 0x00000212F8888AA0>, <snowplow_tracker.self_describing_json.SelfDescribingJson object at 0x00000212F8888C20>, <snowplow_tracker.self_describing_json.SelfDescribingJson object at 0x00000212F8888950>]}


============================== 02:48:47.209835 | 9597e008-3062-4d08-8a41-233c56e3545e ==============================
[0m02:48:47.209835 [info ] [MainThread]: Running with dbt=1.7.7
[0m02:48:47.210834 [debug] [MainThread]: running dbt with arguments {'printer_width': '80', 'indirect_selection': 'eager', 'write_json': 'True', 'log_cache_events': 'False', 'partial_parse': 'True', 'cache_selected_only': 'False', 'profiles_dir': 'C:\\Users\\HP PAVILLION\\.dbt', 'debug': 'False', 'fail_fast': 'False', 'log_path': 'logs', 'warn_error': 'None', 'version_check': 'True', 'use_colors': 'True', 'use_experimental_parser': 'False', 'no_print': 'None', 'quiet': 'False', 'log_format': 'default', 'static_parser': 'True', 'introspect': 'True', 'invocation_command': 'dbt debug', 'target_path': 'None', 'warn_error_options': 'WarnErrorOptions(include=[], exclude=[])', 'send_anonymous_usage_stats': 'True'}
[0m02:48:47.210834 [info ] [MainThread]: dbt version: 1.7.7
[0m02:48:47.211831 [info ] [MainThread]: python version: 3.12.1
[0m02:48:47.212827 [info ] [MainThread]: python path: C:\Users\HP PAVILLION\AppData\Local\Programs\Python\Python312\python.exe
[0m02:48:47.212827 [info ] [MainThread]: os info: Windows-11-10.0.22000-SP0
[0m02:48:47.301789 [info ] [MainThread]: Using profiles dir at C:\Users\HP PAVILLION\.dbt
[0m02:48:47.302696 [info ] [MainThread]: Using profiles.yml file at C:\Users\HP PAVILLION\.dbt\profiles.yml
[0m02:48:47.302696 [info ] [MainThread]: Using dbt_project.yml file at C:\Users\HP PAVILLION\Documents\Algora\Northwind-api-data-transformation-for-business-intelligence\dbt_project.yml
[0m02:48:47.303693 [error] [MainThread]: Encountered an error:
Internal Error
  Profile should not be None if loading profile completed
[0m02:48:47.305686 [debug] [MainThread]: Command `dbt debug` failed at 02:48:47.305686 after 0.16 seconds
[0m02:48:47.305686 [debug] [MainThread]: Sending event: {'category': 'dbt', 'action': 'invocation', 'label': 'end', 'context': [<snowplow_tracker.self_describing_json.SelfDescribingJson object at 0x00000212F8783D10>, <snowplow_tracker.self_describing_json.SelfDescribingJson object at 0x00000212F8706900>, <snowplow_tracker.self_describing_json.SelfDescribingJson object at 0x00000212F8B41850>]}
[0m02:48:47.306683 [debug] [MainThread]: Flushing usage events
